
*** Running vivado
    with args -log z1top.vdi -applog -m64 -product Vivado -messageDb vivado.pb -mode batch -source z1top.tcl -notrace


****** Vivado v2017.4 (64-bit)
  **** SW Build 2086221 on Fri Dec 15 20:54:30 MST 2017
  **** IP Build 2085800 on Fri Dec 15 22:25:07 MST 2017
    ** Copyright 1986-2017 Xilinx, Inc. All Rights Reserved.

source z1top.tcl -notrace
Command: link_design -top z1top -part xc7z020clg400-3
Design is defaulting to srcset: sources_1
Design is defaulting to constrset: constrs_1
INFO: [Netlist 29-17] Analyzing 11 Unisim elements for replacement
INFO: [Netlist 29-28] Unisim Transformation completed in 0 CPU seconds
INFO: [Project 1-479] Netlist was created with Vivado 2017.4
INFO: [Device 21-403] Loading part xc7z020clg400-3
INFO: [Project 1-570] Preparing netlist for logic optimization
Parsing XDC File [/home/cc/eecs151/fa18/class/eecs151-abp/Desktop/ee251_labs/fpga_labs_fa18/lab5/lab5.srcs/constrs_1/imports/constrs_1/PYNQ-Z1_C.xdc]
Finished Parsing XDC File [/home/cc/eecs151/fa18/class/eecs151-abp/Desktop/ee251_labs/fpga_labs_fa18/lab5/lab5.srcs/constrs_1/imports/constrs_1/PYNQ-Z1_C.xdc]
INFO: [Opt 31-138] Pushed 0 inverter(s) to 0 load pin(s).
INFO: [Project 1-111] Unisim Transformation Summary:
No Unisim elements were transformed.

7 Infos, 0 Warnings, 0 Critical Warnings and 0 Errors encountered.
link_design completed successfully
link_design: Time (s): cpu = 00:00:13 ; elapsed = 00:00:47 . Memory (MB): peak = 1583.605 ; gain = 324.902 ; free physical = 11800 ; free virtual = 17860
Command: opt_design
Attempting to get a license for feature 'Implementation' and/or device 'xc7z020'
INFO: [Common 17-349] Got license for feature 'Implementation' and/or device 'xc7z020'
Running DRC as a precondition to command opt_design

Starting DRC Task
INFO: [DRC 23-27] Running DRC with 4 threads
INFO: [Project 1-461] DRC finished with 0 Errors
INFO: [Project 1-462] Please refer to the DRC report (report_drc) for more information.

Time (s): cpu = 00:00:02 ; elapsed = 00:00:03 . Memory (MB): peak = 1634.625 ; gain = 51.020 ; free physical = 11809 ; free virtual = 17869
INFO: [Timing 38-35] Done setting XDC timing constraints.

Starting Logic Optimization Task

Phase 1 Retarget
INFO: [Opt 31-138] Pushed 0 inverter(s) to 0 load pin(s).
INFO: [Opt 31-49] Retargeted 0 cell(s).
Phase 1 Retarget | Checksum: 1b7c9fa83

Time (s): cpu = 00:00:00.04 ; elapsed = 00:00:00.03 . Memory (MB): peak = 2098.113 ; gain = 0.000 ; free physical = 11417 ; free virtual = 17492
INFO: [Opt 31-389] Phase Retarget created 0 cells and removed 1 cells

Phase 2 Constant propagation
INFO: [Opt 31-138] Pushed 0 inverter(s) to 0 load pin(s).
Phase 2 Constant propagation | Checksum: 1b7c9fa83

Time (s): cpu = 00:00:00.05 ; elapsed = 00:00:00.04 . Memory (MB): peak = 2098.113 ; gain = 0.000 ; free physical = 11417 ; free virtual = 17492
INFO: [Opt 31-389] Phase Constant propagation created 0 cells and removed 0 cells

Phase 3 Sweep
Phase 3 Sweep | Checksum: 182920ca1

Time (s): cpu = 00:00:00.05 ; elapsed = 00:00:00.04 . Memory (MB): peak = 2098.113 ; gain = 0.000 ; free physical = 11417 ; free virtual = 17492
INFO: [Opt 31-389] Phase Sweep created 0 cells and removed 0 cells

Phase 4 BUFG optimization
Phase 4 BUFG optimization | Checksum: 182920ca1

Time (s): cpu = 00:00:00.06 ; elapsed = 00:00:00.05 . Memory (MB): peak = 2098.113 ; gain = 0.000 ; free physical = 11417 ; free virtual = 17492
INFO: [Opt 31-389] Phase BUFG optimization created 0 cells and removed 0 cells

Phase 5 Shift Register Optimization
Phase 5 Shift Register Optimization | Checksum: 182920ca1

Time (s): cpu = 00:00:00.06 ; elapsed = 00:00:00.05 . Memory (MB): peak = 2098.113 ; gain = 0.000 ; free physical = 11417 ; free virtual = 17493
INFO: [Opt 31-389] Phase Shift Register Optimization created 0 cells and removed 0 cells

Starting Connectivity Check Task

Time (s): cpu = 00:00:00 ; elapsed = 00:00:00 . Memory (MB): peak = 2098.113 ; gain = 0.000 ; free physical = 11417 ; free virtual = 17492
Ending Logic Optimization Task | Checksum: 182920ca1

Time (s): cpu = 00:00:00.06 ; elapsed = 00:00:00.06 . Memory (MB): peak = 2098.113 ; gain = 0.000 ; free physical = 11417 ; free virtual = 17492

Starting Power Optimization Task
INFO: [Pwropt 34-132] Skipping clock gating for clocks with a period < 2.00 ns.
Ending Power Optimization Task | Checksum: d66b410d

Time (s): cpu = 00:00:00.02 ; elapsed = 00:00:00.04 . Memory (MB): peak = 2098.113 ; gain = 0.000 ; free physical = 11417 ; free virtual = 17492
INFO: [Common 17-83] Releasing license: Implementation
22 Infos, 0 Warnings, 0 Critical Warnings and 0 Errors encountered.
opt_design completed successfully
opt_design: Time (s): cpu = 00:00:15 ; elapsed = 00:00:42 . Memory (MB): peak = 2098.113 ; gain = 514.508 ; free physical = 11417 ; free virtual = 17492
Writing placer database...
Writing XDEF routing.
Writing XDEF routing logical nets.
Writing XDEF routing special nets.
Write XDEF Complete: Time (s): cpu = 00:00:00.06 ; elapsed = 00:00:00.04 . Memory (MB): peak = 2128.121 ; gain = 0.000 ; free physical = 11415 ; free virtual = 17492
INFO: [Common 17-1381] The checkpoint '/home/cc/eecs151/fa18/class/eecs151-abp/Desktop/ee251_labs/fpga_labs_fa18/lab5/lab5.runs/impl_1/z1top_opt.dcp' has been generated.
INFO: [runtcl-4] Executing : report_drc -file z1top_drc_opted.rpt -pb z1top_drc_opted.pb -rpx z1top_drc_opted.rpx
Command: report_drc -file z1top_drc_opted.rpt -pb z1top_drc_opted.pb -rpx z1top_drc_opted.rpx
INFO: [IP_Flow 19-234] Refreshing IP repositories
INFO: [IP_Flow 19-1704] No user IP repositories specified
INFO: [IP_Flow 19-2313] Loaded Vivado IP repository '/opt/Xilinx/Vivado/current/data/ip'.
INFO: [DRC 23-27] Running DRC with 4 threads
INFO: [Coretcl 2-168] The results of DRC are in file /home/cc/eecs151/fa18/class/eecs151-abp/Desktop/ee251_labs/fpga_labs_fa18/lab5/lab5.runs/impl_1/z1top_drc_opted.rpt.
report_drc completed successfully
INFO: [Chipscope 16-241] No debug cores found in the current design.
Before running the implement_debug_core command, either use the Set Up Debug wizard (GUI mode)
or use the create_debug_core and connect_debug_core Tcl commands to insert debug cores into the design.
Command: place_design
Attempting to get a license for feature 'Implementation' and/or device 'xc7z020'
INFO: [Common 17-349] Got license for feature 'Implementation' and/or device 'xc7z020'
INFO: [DRC 23-27] Running DRC with 4 threads
INFO: [Vivado_Tcl 4-198] DRC finished with 0 Errors
INFO: [Vivado_Tcl 4-199] Please refer to the DRC report (report_drc) for more information.
Running DRC as a precondition to command place_design
INFO: [DRC 23-27] Running DRC with 4 threads
INFO: [Vivado_Tcl 4-198] DRC finished with 0 Errors
INFO: [Vivado_Tcl 4-199] Please refer to the DRC report (report_drc) for more information.

Starting Placer Task
INFO: [Place 30-611] Multithreading enabled for place_design using a maximum of 4 CPUs

Phase 1 Placer Initialization

Phase 1.1 Placer Initialization Netlist Sorting
Netlist sorting complete. Time (s): cpu = 00:00:00 ; elapsed = 00:00:00 . Memory (MB): peak = 2138.137 ; gain = 0.000 ; free physical = 11394 ; free virtual = 17470
Phase 1.1 Placer Initialization Netlist Sorting | Checksum: 2459ec43

Time (s): cpu = 00:00:00.02 ; elapsed = 00:00:00.02 . Memory (MB): peak = 2138.137 ; gain = 0.000 ; free physical = 11394 ; free virtual = 17470
INFO: [Timing 38-35] Done setting XDC timing constraints.
INFO: [Opt 31-138] Pushed 0 inverter(s) to 0 load pin(s).
Netlist sorting complete. Time (s): cpu = 00:00:00 ; elapsed = 00:00:00 . Memory (MB): peak = 2138.137 ; gain = 0.000 ; free physical = 11394 ; free virtual = 17470

Phase 1.2 IO Placement/ Clock Placement/ Build Placer Device
INFO: [Timing 38-35] Done setting XDC timing constraints.
Phase 1.2 IO Placement/ Clock Placement/ Build Placer Device | Checksum: b78acd3e

Time (s): cpu = 00:00:01 ; elapsed = 00:00:01 . Memory (MB): peak = 2138.137 ; gain = 0.000 ; free physical = 11379 ; free virtual = 17458

Phase 1.3 Build Placer Netlist Model
Phase 1.3 Build Placer Netlist Model | Checksum: c1eb5f4c

Time (s): cpu = 00:00:02 ; elapsed = 00:00:01 . Memory (MB): peak = 2138.137 ; gain = 0.000 ; free physical = 11385 ; free virtual = 17465

Phase 1.4 Constrain Clocks/Macros
Phase 1.4 Constrain Clocks/Macros | Checksum: c1eb5f4c

Time (s): cpu = 00:00:02 ; elapsed = 00:00:01 . Memory (MB): peak = 2138.137 ; gain = 0.000 ; free physical = 11385 ; free virtual = 17465
Phase 1 Placer Initialization | Checksum: c1eb5f4c

Time (s): cpu = 00:00:02 ; elapsed = 00:00:01 . Memory (MB): peak = 2138.137 ; gain = 0.000 ; free physical = 11385 ; free virtual = 17465

Phase 2 Global Placement
Phase 2 Global Placement | Checksum: 158a5f811

Time (s): cpu = 00:00:03 ; elapsed = 00:00:02 . Memory (MB): peak = 2168.137 ; gain = 30.000 ; free physical = 11373 ; free virtual = 17454

Phase 3 Detail Placement

Phase 3.1 Commit Multi Column Macros
Phase 3.1 Commit Multi Column Macros | Checksum: 158a5f811

Time (s): cpu = 00:00:03 ; elapsed = 00:00:02 . Memory (MB): peak = 2168.137 ; gain = 30.000 ; free physical = 11373 ; free virtual = 17454

Phase 3.2 Commit Most Macros & LUTRAMs
Phase 3.2 Commit Most Macros & LUTRAMs | Checksum: 19c4149ef

Time (s): cpu = 00:00:03 ; elapsed = 00:00:02 . Memory (MB): peak = 2168.137 ; gain = 30.000 ; free physical = 11373 ; free virtual = 17454

Phase 3.3 Area Swap Optimization
Phase 3.3 Area Swap Optimization | Checksum: 16c539d37

Time (s): cpu = 00:00:03 ; elapsed = 00:00:02 . Memory (MB): peak = 2168.137 ; gain = 30.000 ; free physical = 11373 ; free virtual = 17454

Phase 3.4 Pipeline Register Optimization
Phase 3.4 Pipeline Register Optimization | Checksum: 16c539d37

Time (s): cpu = 00:00:03 ; elapsed = 00:00:02 . Memory (MB): peak = 2168.137 ; gain = 30.000 ; free physical = 11373 ; free virtual = 17454

Phase 3.5 Small Shape Detail Placement
Phase 3.5 Small Shape Detail Placement | Checksum: 1a481725e

Time (s): cpu = 00:00:03 ; elapsed = 00:00:02 . Memory (MB): peak = 2168.137 ; gain = 30.000 ; free physical = 11370 ; free virtual = 17452

Phase 3.6 Re-assign LUT pins
Phase 3.6 Re-assign LUT pins | Checksum: 1f82d5e7e

Time (s): cpu = 00:00:03 ; elapsed = 00:00:02 . Memory (MB): peak = 2168.137 ; gain = 30.000 ; free physical = 11370 ; free virtual = 17452

Phase 3.7 Pipeline Register Optimization
Phase 3.7 Pipeline Register Optimization | Checksum: 1f82d5e7e

Time (s): cpu = 00:00:03 ; elapsed = 00:00:02 . Memory (MB): peak = 2168.137 ; gain = 30.000 ; free physical = 11370 ; free virtual = 17452
Phase 3 Detail Placement | Checksum: 1f82d5e7e

Time (s): cpu = 00:00:03 ; elapsed = 00:00:02 . Memory (MB): peak = 2168.137 ; gain = 30.000 ; free physical = 11370 ; free virtual = 17452

Phase 4 Post Placement Optimization and Clean-Up

Phase 4.1 Post Commit Optimization
INFO: [Timing 38-35] Done setting XDC timing constraints.

Phase 4.1.1 Post Placement Optimization
Post Placement Optimization Initialization | Checksum: 2788aca2e

Phase 4.1.1.1 BUFG Insertion
INFO: [Physopt 32-721] Multithreading enabled for phys_opt_design using a maximum of 4 CPUs
INFO: [Place 46-31] BUFG insertion identified 0 candidate nets, 0 success, 0 skipped for placement/routing, 0 skipped for timing, 0 skipped for netlist change reason.
Phase 4.1.1.1 BUFG Insertion | Checksum: 2788aca2e

Time (s): cpu = 00:00:04 ; elapsed = 00:00:02 . Memory (MB): peak = 2168.137 ; gain = 30.000 ; free physical = 11368 ; free virtual = 17450
INFO: [Place 30-746] Post Placement Timing Summary WNS=4.539. For the most accurate timing information please run report_timing.
Phase 4.1.1 Post Placement Optimization | Checksum: 224bf00c6

Time (s): cpu = 00:00:04 ; elapsed = 00:00:02 . Memory (MB): peak = 2168.137 ; gain = 30.000 ; free physical = 11368 ; free virtual = 17450
Phase 4.1 Post Commit Optimization | Checksum: 224bf00c6

Time (s): cpu = 00:00:04 ; elapsed = 00:00:02 . Memory (MB): peak = 2168.137 ; gain = 30.000 ; free physical = 11368 ; free virtual = 17450

Phase 4.2 Post Placement Cleanup
Phase 4.2 Post Placement Cleanup | Checksum: 224bf00c6

Time (s): cpu = 00:00:04 ; elapsed = 00:00:02 . Memory (MB): peak = 2168.137 ; gain = 30.000 ; free physical = 11369 ; free virtual = 17451

Phase 4.3 Placer Reporting
Phase 4.3 Placer Reporting | Checksum: 224bf00c6

Time (s): cpu = 00:00:04 ; elapsed = 00:00:02 . Memory (MB): peak = 2168.137 ; gain = 30.000 ; free physical = 11369 ; free virtual = 17451

Phase 4.4 Final Placement Cleanup
Phase 4.4 Final Placement Cleanup | Checksum: 23f8d98d6

Time (s): cpu = 00:00:04 ; elapsed = 00:00:02 . Memory (MB): peak = 2168.137 ; gain = 30.000 ; free physical = 11369 ; free virtual = 17451
Phase 4 Post Placement Optimization and Clean-Up | Checksum: 23f8d98d6

Time (s): cpu = 00:00:04 ; elapsed = 00:00:02 . Memory (MB): peak = 2168.137 ; gain = 30.000 ; free physical = 11369 ; free virtual = 17451
Ending Placer Task | Checksum: 1b42025b8

Time (s): cpu = 00:00:04 ; elapsed = 00:00:02 . Memory (MB): peak = 2168.137 ; gain = 30.000 ; free physical = 11379 ; free virtual = 17462
INFO: [Common 17-83] Releasing license: Implementation
46 Infos, 0 Warnings, 0 Critical Warnings and 0 Errors encountered.
place_design completed successfully
Writing placer database...
Writing XDEF routing.
Writing XDEF routing logical nets.
Writing XDEF routing special nets.
Write XDEF Complete: Time (s): cpu = 00:00:00.12 ; elapsed = 00:00:00.07 . Memory (MB): peak = 2168.137 ; gain = 0.000 ; free physical = 11378 ; free virtual = 17462
INFO: [Common 17-1381] The checkpoint '/home/cc/eecs151/fa18/class/eecs151-abp/Desktop/ee251_labs/fpga_labs_fa18/lab5/lab5.runs/impl_1/z1top_placed.dcp' has been generated.
INFO: [runtcl-4] Executing : report_io -file z1top_io_placed.rpt
report_io: Time (s): cpu = 00:00:00.09 ; elapsed = 00:00:00.17 . Memory (MB): peak = 2168.137 ; gain = 0.000 ; free physical = 11369 ; free virtual = 17451
INFO: [runtcl-4] Executing : report_utilization -file z1top_utilization_placed.rpt -pb z1top_utilization_placed.pb
report_utilization: Time (s): cpu = 00:00:00.05 ; elapsed = 00:00:00.11 . Memory (MB): peak = 2168.137 ; gain = 0.000 ; free physical = 11377 ; free virtual = 17460
INFO: [runtcl-4] Executing : report_control_sets -verbose -file z1top_control_sets_placed.rpt
report_control_sets: Time (s): cpu = 00:00:00.01 ; elapsed = 00:00:00.09 . Memory (MB): peak = 2168.137 ; gain = 0.000 ; free physical = 11377 ; free virtual = 17460
Command: route_design
Attempting to get a license for feature 'Implementation' and/or device 'xc7z020'
INFO: [Common 17-349] Got license for feature 'Implementation' and/or device 'xc7z020'
Running DRC as a precondition to command route_design
INFO: [DRC 23-27] Running DRC with 4 threads
INFO: [Vivado_Tcl 4-198] DRC finished with 0 Errors
INFO: [Vivado_Tcl 4-199] Please refer to the DRC report (report_drc) for more information.


Starting Routing Task
INFO: [Route 35-254] Multithreading enabled for route_design using a maximum of 4 CPUs
Checksum: PlaceDB: d58ed2a2 ConstDB: 0 ShapeSum: de915316 RouteDB: 0

Phase 1 Build RT Design
Phase 1 Build RT Design | Checksum: 1d4e0b29e

Time (s): cpu = 00:00:23 ; elapsed = 00:00:18 . Memory (MB): peak = 2266.797 ; gain = 98.660 ; free physical = 11234 ; free virtual = 17317
Post Restoration Checksum: NetGraph: da40f86a NumContArr: fa9fba34 Constraints: 0 Timing: 0

Phase 2 Router Initialization

Phase 2.1 Create Timer
Phase 2.1 Create Timer | Checksum: 1d4e0b29e

Time (s): cpu = 00:00:23 ; elapsed = 00:00:18 . Memory (MB): peak = 2266.801 ; gain = 98.664 ; free physical = 11236 ; free virtual = 17319

Phase 2.2 Fix Topology Constraints
Phase 2.2 Fix Topology Constraints | Checksum: 1d4e0b29e

Time (s): cpu = 00:00:23 ; elapsed = 00:00:18 . Memory (MB): peak = 2266.801 ; gain = 98.664 ; free physical = 11220 ; free virtual = 17304

Phase 2.3 Pre Route Cleanup
Phase 2.3 Pre Route Cleanup | Checksum: 1d4e0b29e

Time (s): cpu = 00:00:23 ; elapsed = 00:00:18 . Memory (MB): peak = 2266.801 ; gain = 98.664 ; free physical = 11220 ; free virtual = 17304
 Number of Nodes with overlaps = 0

Phase 2.4 Update Timing
Phase 2.4 Update Timing | Checksum: ee204731

Time (s): cpu = 00:00:23 ; elapsed = 00:00:19 . Memory (MB): peak = 2277.797 ; gain = 109.660 ; free physical = 11213 ; free virtual = 17296
INFO: [Route 35-416] Intermediate Timing Summary | WNS=4.495  | TNS=0.000  | WHS=-0.145 | THS=-8.385 |

Phase 2 Router Initialization | Checksum: ea3f030b

Time (s): cpu = 00:00:23 ; elapsed = 00:00:19 . Memory (MB): peak = 2277.797 ; gain = 109.660 ; free physical = 11212 ; free virtual = 17296

Phase 3 Initial Routing
Phase 3 Initial Routing | Checksum: 17ae6d97f

Time (s): cpu = 00:00:24 ; elapsed = 00:00:19 . Memory (MB): peak = 2277.797 ; gain = 109.660 ; free physical = 11215 ; free virtual = 17299

Phase 4 Rip-up And Reroute

Phase 4.1 Global Iteration 0
 Number of Nodes with overlaps = 31
 Number of Nodes with overlaps = 0
INFO: [Route 35-416] Intermediate Timing Summary | WNS=4.425  | TNS=0.000  | WHS=N/A    | THS=N/A    |

Phase 4.1 Global Iteration 0 | Checksum: 1d0f6e43e

Time (s): cpu = 00:00:24 ; elapsed = 00:00:19 . Memory (MB): peak = 2277.797 ; gain = 109.660 ; free physical = 11215 ; free virtual = 17299
Phase 4 Rip-up And Reroute | Checksum: 1d0f6e43e

Time (s): cpu = 00:00:24 ; elapsed = 00:00:19 . Memory (MB): peak = 2277.797 ; gain = 109.660 ; free physical = 11215 ; free virtual = 17299

Phase 5 Delay and Skew Optimization

Phase 5.1 Delay CleanUp
Phase 5.1 Delay CleanUp | Checksum: 1d0f6e43e

Time (s): cpu = 00:00:24 ; elapsed = 00:00:19 . Memory (MB): peak = 2277.797 ; gain = 109.660 ; free physical = 11215 ; free virtual = 17299

Phase 5.2 Clock Skew Optimization
Phase 5.2 Clock Skew Optimization | Checksum: 1d0f6e43e

Time (s): cpu = 00:00:24 ; elapsed = 00:00:19 . Memory (MB): peak = 2277.797 ; gain = 109.660 ; free physical = 11215 ; free virtual = 17299
Phase 5 Delay and Skew Optimization | Checksum: 1d0f6e43e

Time (s): cpu = 00:00:24 ; elapsed = 00:00:19 . Memory (MB): peak = 2277.797 ; gain = 109.660 ; free physical = 11215 ; free virtual = 17299

Phase 6 Post Hold Fix

Phase 6.1 Hold Fix Iter

Phase 6.1.1 Update Timing
Phase 6.1.1 Update Timing | Checksum: 1c1e74efd

Time (s): cpu = 00:00:24 ; elapsed = 00:00:19 . Memory (MB): peak = 2277.797 ; gain = 109.660 ; free physical = 11215 ; free virtual = 17299
INFO: [Route 35-416] Intermediate Timing Summary | WNS=4.560  | TNS=0.000  | WHS=0.148  | THS=0.000  |

Phase 6.1 Hold Fix Iter | Checksum: 1c1e74efd

Time (s): cpu = 00:00:24 ; elapsed = 00:00:19 . Memory (MB): peak = 2277.797 ; gain = 109.660 ; free physical = 11215 ; free virtual = 17299
Phase 6 Post Hold Fix | Checksum: 1c1e74efd

Time (s): cpu = 00:00:24 ; elapsed = 00:00:19 . Memory (MB): peak = 2277.797 ; gain = 109.660 ; free physical = 11215 ; free virtual = 17299

Phase 7 Route finalize

Router Utilization Summary
  Global Vertical Routing Utilization    = 0.0208657 %
  Global Horizontal Routing Utilization  = 0.0137762 %
  Routable Net Status*
  *Does not include unroutable nets such as driverless and loadless.
  Run report_route_status for detailed report.
  Number of Failed Nets               = 0
  Number of Unrouted Nets             = 0
  Number of Partially Routed Nets     = 0
  Number of Node Overlaps             = 0

Phase 7 Route finalize | Checksum: 1bb2061fe

Time (s): cpu = 00:00:24 ; elapsed = 00:00:19 . Memory (MB): peak = 2277.797 ; gain = 109.660 ; free physical = 11215 ; free virtual = 17299

Phase 8 Verifying routed nets

 Verification completed successfully
Phase 8 Verifying routed nets | Checksum: 1bb2061fe

Time (s): cpu = 00:00:24 ; elapsed = 00:00:19 . Memory (MB): peak = 2277.797 ; gain = 109.660 ; free physical = 11214 ; free virtual = 17298

Phase 9 Depositing Routes
Phase 9 Depositing Routes | Checksum: 18fe1c542

Time (s): cpu = 00:00:24 ; elapsed = 00:00:19 . Memory (MB): peak = 2277.797 ; gain = 109.660 ; free physical = 11214 ; free virtual = 17298

Phase 10 Post Router Timing
INFO: [Route 35-57] Estimated Timing Summary | WNS=4.560  | TNS=0.000  | WHS=0.148  | THS=0.000  |

INFO: [Route 35-327] The final timing numbers are based on the router estimated timing analysis. For a complete and accurate timing signoff, please run report_timing_summary.
Phase 10 Post Router Timing | Checksum: 18fe1c542

Time (s): cpu = 00:00:24 ; elapsed = 00:00:19 . Memory (MB): peak = 2277.797 ; gain = 109.660 ; free physical = 11214 ; free virtual = 17298
INFO: [Route 35-16] Router Completed Successfully

Time (s): cpu = 00:00:24 ; elapsed = 00:00:19 . Memory (MB): peak = 2277.797 ; gain = 109.660 ; free physical = 11233 ; free virtual = 17317

Routing Is Done.
INFO: [Common 17-83] Releasing license: Implementation
62 Infos, 0 Warnings, 0 Critical Warnings and 0 Errors encountered.
route_design completed successfully
route_design: Time (s): cpu = 00:00:27 ; elapsed = 00:00:22 . Memory (MB): peak = 2277.797 ; gain = 109.660 ; free physical = 11233 ; free virtual = 17317
Writing placer database...
Writing XDEF routing.
Writing XDEF routing logical nets.
Writing XDEF routing special nets.
Write XDEF Complete: Time (s): cpu = 00:00:00.10 ; elapsed = 00:00:00.05 . Memory (MB): peak = 2277.801 ; gain = 0.004 ; free physical = 11231 ; free virtual = 17317
INFO: [Common 17-1381] The checkpoint '/home/cc/eecs151/fa18/class/eecs151-abp/Desktop/ee251_labs/fpga_labs_fa18/lab5/lab5.runs/impl_1/z1top_routed.dcp' has been generated.
INFO: [runtcl-4] Executing : report_drc -file z1top_drc_routed.rpt -pb z1top_drc_routed.pb -rpx z1top_drc_routed.rpx
Command: report_drc -file z1top_drc_routed.rpt -pb z1top_drc_routed.pb -rpx z1top_drc_routed.rpx
INFO: [IP_Flow 19-1839] IP Catalog is up to date.
INFO: [DRC 23-27] Running DRC with 4 threads
INFO: [Coretcl 2-168] The results of DRC are in file /home/cc/eecs151/fa18/class/eecs151-abp/Desktop/ee251_labs/fpga_labs_fa18/lab5/lab5.runs/impl_1/z1top_drc_routed.rpt.
report_drc completed successfully
INFO: [runtcl-4] Executing : report_methodology -file z1top_methodology_drc_routed.rpt -pb z1top_methodology_drc_routed.pb -rpx z1top_methodology_drc_routed.rpx
Command: report_methodology -file z1top_methodology_drc_routed.rpt -pb z1top_methodology_drc_routed.pb -rpx z1top_methodology_drc_routed.rpx
INFO: [Timing 38-35] Done setting XDC timing constraints.
INFO: [Timing 38-35] Done setting XDC timing constraints.
INFO: [DRC 23-133] Running Methodology with 4 threads
INFO: [Coretcl 2-1520] The results of Report Methodology are in file /home/cc/eecs151/fa18/class/eecs151-abp/Desktop/ee251_labs/fpga_labs_fa18/lab5/lab5.runs/impl_1/z1top_methodology_drc_routed.rpt.
report_methodology completed successfully
INFO: [runtcl-4] Executing : report_power -file z1top_power_routed.rpt -pb z1top_power_summary_routed.pb -rpx z1top_power_routed.rpx
Command: report_power -file z1top_power_routed.rpt -pb z1top_power_summary_routed.pb -rpx z1top_power_routed.rpx
INFO: [Timing 38-35] Done setting XDC timing constraints.
Running Vector-less Activity Propagation...

Finished Running Vector-less Activity Propagation
74 Infos, 0 Warnings, 0 Critical Warnings and 0 Errors encountered.
report_power completed successfully
INFO: [runtcl-4] Executing : report_route_status -file z1top_route_status.rpt -pb z1top_route_status.pb
INFO: [runtcl-4] Executing : report_timing_summary -max_paths 10 -file z1top_timing_summary_routed.rpt -rpx z1top_timing_summary_routed.rpx -warn_on_violation 
INFO: [Timing 38-91] UpdateTimingParams: Speed grade: -3, Delay Type: min_max.
INFO: [Timing 38-191] Multithreading enabled for timing update using a maximum of 4 CPUs
INFO: [runtcl-4] Executing : report_incremental_reuse -file z1top_incremental_reuse_routed.rpt
INFO: [Vivado_Tcl 4-545] No incremental reuse to report, no incremental placement and routing data was found.
INFO: [runtcl-4] Executing : report_clock_utilization -file z1top_clock_utilization_routed.rpt
INFO: [Common 17-206] Exiting Vivado at Thu Sep 27 18:23:45 2018...

*** Running vivado
    with args -log z1top.vdi -applog -m64 -product Vivado -messageDb vivado.pb -mode batch -source z1top.tcl -notrace


****** Vivado v2017.4 (64-bit)
  **** SW Build 2086221 on Fri Dec 15 20:54:30 MST 2017
  **** IP Build 2085800 on Fri Dec 15 22:25:07 MST 2017
    ** Copyright 1986-2017 Xilinx, Inc. All Rights Reserved.

source z1top.tcl -notrace
Command: open_checkpoint z1top_routed.dcp

Starting open_checkpoint Task

Time (s): cpu = 00:00:00.05 ; elapsed = 00:00:00.13 . Memory (MB): peak = 1256.629 ; gain = 0.000 ; free physical = 12079 ; free virtual = 18166
INFO: [Netlist 29-17] Analyzing 11 Unisim elements for replacement
INFO: [Netlist 29-28] Unisim Transformation completed in 0 CPU seconds
INFO: [Project 1-479] Netlist was created with Vivado 2017.4
INFO: [Device 21-403] Loading part xc7z020clg400-3
INFO: [Project 1-570] Preparing netlist for logic optimization
Parsing XDC File [/home/cc/eecs151/fa18/class/eecs151-abp/Desktop/ee251_labs/fpga_labs_fa18/lab5/lab5.runs/impl_1/.Xil/Vivado-5796-c125m-14.EECS.Berkeley.EDU/dcp1/z1top.xdc]
Finished Parsing XDC File [/home/cc/eecs151/fa18/class/eecs151-abp/Desktop/ee251_labs/fpga_labs_fa18/lab5/lab5.runs/impl_1/.Xil/Vivado-5796-c125m-14.EECS.Berkeley.EDU/dcp1/z1top.xdc]
Reading XDEF placement.
Reading placer database...
Reading XDEF routing.
Read XDEF File: Time (s): cpu = 00:00:00.02 ; elapsed = 00:00:00.03 . Memory (MB): peak = 1552.570 ; gain = 0.000 ; free physical = 11780 ; free virtual = 17865
Restored from archive | CPU: 0.020000 secs | Memory: 0.254440 MB |
Finished XDEF File Restore: Time (s): cpu = 00:00:00.02 ; elapsed = 00:00:00.03 . Memory (MB): peak = 1552.570 ; gain = 0.000 ; free physical = 11780 ; free virtual = 17865
INFO: [Project 1-111] Unisim Transformation Summary:
No Unisim elements were transformed.

INFO: [Project 1-604] Checkpoint was created with Vivado v2017.4 (64-bit) build 2086221
open_checkpoint: Time (s): cpu = 00:00:13 ; elapsed = 00:00:47 . Memory (MB): peak = 1552.570 ; gain = 295.945 ; free physical = 11781 ; free virtual = 17865
Command: write_bitstream -force z1top.bit
Attempting to get a license for feature 'Implementation' and/or device 'xc7z020'
INFO: [Common 17-349] Got license for feature 'Implementation' and/or device 'xc7z020'
Running DRC as a precondition to command write_bitstream
INFO: [IP_Flow 19-234] Refreshing IP repositories
INFO: [IP_Flow 19-1704] No user IP repositories specified
INFO: [IP_Flow 19-2313] Loaded Vivado IP repository '/opt/Xilinx/Vivado/current/data/ip'.
INFO: [DRC 23-27] Running DRC with 4 threads
WARNING: [DRC ZPS7-1] PS7 block required: The PS7 cell must be used in this Zynq design in order to enable correct default configuration.
INFO: [Vivado 12-3199] DRC finished with 0 Errors, 1 Warnings
INFO: [Vivado 12-3200] Please refer to the DRC report (report_drc) for more information.
INFO: [Project 1-821] Please set project.enableDesignId to be 'true'.
INFO: [Designutils 20-2272] Running write_bitstream with 4 threads.
Loading data files...
Loading site data...
Loading route data...
Processing options...
Creating bitmap...
Creating bitstream...
Writing bitstream ./z1top.bit...
INFO: [Vivado 12-1842] Bitgen Completed Successfully.
INFO: [Common 17-83] Releasing license: Implementation
18 Infos, 1 Warnings, 0 Critical Warnings and 0 Errors encountered.
write_bitstream completed successfully
write_bitstream: Time (s): cpu = 00:00:12 ; elapsed = 00:01:16 . Memory (MB): peak = 1984.867 ; gain = 432.297 ; free physical = 11731 ; free virtual = 17825
INFO: [Common 17-206] Exiting Vivado at Thu Sep 27 18:26:09 2018...
