
*** Running vivado
    with args -log debouncer_fpga_test.vdi -applog -m64 -product Vivado -messageDb vivado.pb -mode batch -source debouncer_fpga_test.tcl -notrace


****** Vivado v2017.4 (64-bit)
  **** SW Build 2086221 on Fri Dec 15 20:54:30 MST 2017
  **** IP Build 2085800 on Fri Dec 15 22:25:07 MST 2017
    ** Copyright 1986-2017 Xilinx, Inc. All Rights Reserved.

source debouncer_fpga_test.tcl -notrace
Command: link_design -top debouncer_fpga_test -part xc7z020clg400-3
Design is defaulting to srcset: sources_1
Design is defaulting to constrset: constrs_1
INFO: [Netlist 29-17] Analyzing 10 Unisim elements for replacement
INFO: [Netlist 29-28] Unisim Transformation completed in 0 CPU seconds
INFO: [Project 1-479] Netlist was created with Vivado 2017.4
INFO: [Device 21-403] Loading part xc7z020clg400-3
INFO: [Project 1-570] Preparing netlist for logic optimization
Parsing XDC File [/home/cc/eecs151/fa18/class/eecs151-abp/Desktop/ee251_labs/fpga_labs_fa18/lab4/lab4.srcs/constrs_1/imports/constrs_1/PYNQ-Z1_C.xdc]
Finished Parsing XDC File [/home/cc/eecs151/fa18/class/eecs151-abp/Desktop/ee251_labs/fpga_labs_fa18/lab4/lab4.srcs/constrs_1/imports/constrs_1/PYNQ-Z1_C.xdc]
INFO: [Opt 31-138] Pushed 0 inverter(s) to 0 load pin(s).
INFO: [Project 1-111] Unisim Transformation Summary:
No Unisim elements were transformed.

7 Infos, 0 Warnings, 0 Critical Warnings and 0 Errors encountered.
link_design completed successfully
link_design: Time (s): cpu = 00:00:13 ; elapsed = 00:00:47 . Memory (MB): peak = 1583.605 ; gain = 324.902 ; free physical = 2445 ; free virtual = 11319
Command: opt_design
Attempting to get a license for feature 'Implementation' and/or device 'xc7z020'
INFO: [Common 17-349] Got license for feature 'Implementation' and/or device 'xc7z020'
Running DRC as a precondition to command opt_design

Starting DRC Task
INFO: [DRC 23-27] Running DRC with 4 threads
INFO: [Project 1-461] DRC finished with 0 Errors
INFO: [Project 1-462] Please refer to the DRC report (report_drc) for more information.

Time (s): cpu = 00:00:02 ; elapsed = 00:00:03 . Memory (MB): peak = 1634.625 ; gain = 51.020 ; free physical = 2458 ; free virtual = 11314
INFO: [Timing 38-35] Done setting XDC timing constraints.

Starting Logic Optimization Task

Phase 1 Retarget
INFO: [Opt 31-138] Pushed 0 inverter(s) to 0 load pin(s).
INFO: [Opt 31-49] Retargeted 0 cell(s).
Phase 1 Retarget | Checksum: 1413fd707

Time (s): cpu = 00:00:00.02 ; elapsed = 00:00:00.02 . Memory (MB): peak = 2092.113 ; gain = 0.000 ; free physical = 2081 ; free virtual = 10940
INFO: [Opt 31-389] Phase Retarget created 0 cells and removed 0 cells

Phase 2 Constant propagation
INFO: [Opt 31-138] Pushed 0 inverter(s) to 0 load pin(s).
Phase 2 Constant propagation | Checksum: 1413fd707

Time (s): cpu = 00:00:00.02 ; elapsed = 00:00:00.02 . Memory (MB): peak = 2092.113 ; gain = 0.000 ; free physical = 2081 ; free virtual = 10940
INFO: [Opt 31-389] Phase Constant propagation created 0 cells and removed 0 cells

Phase 3 Sweep
Phase 3 Sweep | Checksum: 10d8ab2d0

Time (s): cpu = 00:00:00.02 ; elapsed = 00:00:00.03 . Memory (MB): peak = 2092.113 ; gain = 0.000 ; free physical = 2081 ; free virtual = 10940
INFO: [Opt 31-389] Phase Sweep created 0 cells and removed 0 cells

Phase 4 BUFG optimization
Phase 4 BUFG optimization | Checksum: 10d8ab2d0

Time (s): cpu = 00:00:00.03 ; elapsed = 00:00:00.03 . Memory (MB): peak = 2092.113 ; gain = 0.000 ; free physical = 2081 ; free virtual = 10940
INFO: [Opt 31-389] Phase BUFG optimization created 0 cells and removed 0 cells

Phase 5 Shift Register Optimization
Phase 5 Shift Register Optimization | Checksum: 10d8ab2d0

Time (s): cpu = 00:00:00.03 ; elapsed = 00:00:00.03 . Memory (MB): peak = 2092.113 ; gain = 0.000 ; free physical = 2081 ; free virtual = 10940
INFO: [Opt 31-389] Phase Shift Register Optimization created 0 cells and removed 0 cells

Starting Connectivity Check Task

Time (s): cpu = 00:00:00 ; elapsed = 00:00:00 . Memory (MB): peak = 2092.113 ; gain = 0.000 ; free physical = 2081 ; free virtual = 10940
Ending Logic Optimization Task | Checksum: 10d8ab2d0

Time (s): cpu = 00:00:00.03 ; elapsed = 00:00:00.04 . Memory (MB): peak = 2092.113 ; gain = 0.000 ; free physical = 2081 ; free virtual = 10940

Starting Power Optimization Task
INFO: [Pwropt 34-132] Skipping clock gating for clocks with a period < 2.00 ns.
Ending Power Optimization Task | Checksum: 112a536cb

Time (s): cpu = 00:00:00.02 ; elapsed = 00:00:00.04 . Memory (MB): peak = 2092.113 ; gain = 0.000 ; free physical = 2081 ; free virtual = 10940
INFO: [Common 17-83] Releasing license: Implementation
22 Infos, 0 Warnings, 0 Critical Warnings and 0 Errors encountered.
opt_design completed successfully
opt_design: Time (s): cpu = 00:00:15 ; elapsed = 00:00:43 . Memory (MB): peak = 2092.113 ; gain = 508.508 ; free physical = 2081 ; free virtual = 10940
Writing placer database...
Writing XDEF routing.
Writing XDEF routing logical nets.
Writing XDEF routing special nets.
Write XDEF Complete: Time (s): cpu = 00:00:00.06 ; elapsed = 00:00:00.03 . Memory (MB): peak = 2122.125 ; gain = 0.004 ; free physical = 2079 ; free virtual = 10938
INFO: [Common 17-1381] The checkpoint '/home/cc/eecs151/fa18/class/eecs151-abp/Desktop/ee251_labs/fpga_labs_fa18/lab4/lab4.runs/impl_1/debouncer_fpga_test_opt.dcp' has been generated.
INFO: [runtcl-4] Executing : report_drc -file debouncer_fpga_test_drc_opted.rpt -pb debouncer_fpga_test_drc_opted.pb -rpx debouncer_fpga_test_drc_opted.rpx
Command: report_drc -file debouncer_fpga_test_drc_opted.rpt -pb debouncer_fpga_test_drc_opted.pb -rpx debouncer_fpga_test_drc_opted.rpx
INFO: [IP_Flow 19-234] Refreshing IP repositories
INFO: [IP_Flow 19-1704] No user IP repositories specified
INFO: [IP_Flow 19-2313] Loaded Vivado IP repository '/opt/Xilinx/Vivado/current/data/ip'.
INFO: [DRC 23-27] Running DRC with 4 threads
INFO: [Coretcl 2-168] The results of DRC are in file /home/cc/eecs151/fa18/class/eecs151-abp/Desktop/ee251_labs/fpga_labs_fa18/lab4/lab4.runs/impl_1/debouncer_fpga_test_drc_opted.rpt.
report_drc completed successfully
INFO: [Chipscope 16-241] No debug cores found in the current design.
Before running the implement_debug_core command, either use the Set Up Debug wizard (GUI mode)
or use the create_debug_core and connect_debug_core Tcl commands to insert debug cores into the design.
Command: place_design
Attempting to get a license for feature 'Implementation' and/or device 'xc7z020'
INFO: [Common 17-349] Got license for feature 'Implementation' and/or device 'xc7z020'
INFO: [DRC 23-27] Running DRC with 4 threads
INFO: [Vivado_Tcl 4-198] DRC finished with 0 Errors
INFO: [Vivado_Tcl 4-199] Please refer to the DRC report (report_drc) for more information.
Running DRC as a precondition to command place_design
INFO: [DRC 23-27] Running DRC with 4 threads
INFO: [Vivado_Tcl 4-198] DRC finished with 0 Errors
INFO: [Vivado_Tcl 4-199] Please refer to the DRC report (report_drc) for more information.

Starting Placer Task
INFO: [Place 30-611] Multithreading enabled for place_design using a maximum of 4 CPUs

Phase 1 Placer Initialization

Phase 1.1 Placer Initialization Netlist Sorting
Netlist sorting complete. Time (s): cpu = 00:00:00 ; elapsed = 00:00:00 . Memory (MB): peak = 2132.133 ; gain = 0.000 ; free physical = 2061 ; free virtual = 10919
Phase 1.1 Placer Initialization Netlist Sorting | Checksum: 6d96f019

Time (s): cpu = 00:00:00.02 ; elapsed = 00:00:00.03 . Memory (MB): peak = 2132.133 ; gain = 0.000 ; free physical = 2061 ; free virtual = 10919
INFO: [Timing 38-35] Done setting XDC timing constraints.
INFO: [Opt 31-138] Pushed 0 inverter(s) to 0 load pin(s).
Netlist sorting complete. Time (s): cpu = 00:00:00 ; elapsed = 00:00:00 . Memory (MB): peak = 2132.133 ; gain = 0.000 ; free physical = 2062 ; free virtual = 10920

Phase 1.2 IO Placement/ Clock Placement/ Build Placer Device
INFO: [Timing 38-35] Done setting XDC timing constraints.
Phase 1.2 IO Placement/ Clock Placement/ Build Placer Device | Checksum: baf4ff59

Time (s): cpu = 00:00:01 ; elapsed = 00:00:01 . Memory (MB): peak = 2132.133 ; gain = 0.000 ; free physical = 2053 ; free virtual = 10911

Phase 1.3 Build Placer Netlist Model
Phase 1.3 Build Placer Netlist Model | Checksum: bbff326c

Time (s): cpu = 00:00:02 ; elapsed = 00:00:01 . Memory (MB): peak = 2132.133 ; gain = 0.000 ; free physical = 2057 ; free virtual = 10915

Phase 1.4 Constrain Clocks/Macros
Phase 1.4 Constrain Clocks/Macros | Checksum: bbff326c

Time (s): cpu = 00:00:02 ; elapsed = 00:00:01 . Memory (MB): peak = 2132.133 ; gain = 0.000 ; free physical = 2057 ; free virtual = 10915
Phase 1 Placer Initialization | Checksum: bbff326c

Time (s): cpu = 00:00:02 ; elapsed = 00:00:01 . Memory (MB): peak = 2132.133 ; gain = 0.000 ; free physical = 2057 ; free virtual = 10915

Phase 2 Global Placement
Phase 2 Global Placement | Checksum: 1604a160b

Time (s): cpu = 00:00:02 ; elapsed = 00:00:02 . Memory (MB): peak = 2162.137 ; gain = 30.004 ; free physical = 2046 ; free virtual = 10904

Phase 3 Detail Placement

Phase 3.1 Commit Multi Column Macros
Phase 3.1 Commit Multi Column Macros | Checksum: 1604a160b

Time (s): cpu = 00:00:02 ; elapsed = 00:00:02 . Memory (MB): peak = 2162.137 ; gain = 30.004 ; free physical = 2046 ; free virtual = 10904

Phase 3.2 Commit Most Macros & LUTRAMs
Phase 3.2 Commit Most Macros & LUTRAMs | Checksum: 1190d5242

Time (s): cpu = 00:00:02 ; elapsed = 00:00:02 . Memory (MB): peak = 2162.137 ; gain = 30.004 ; free physical = 2046 ; free virtual = 10904

Phase 3.3 Area Swap Optimization
Phase 3.3 Area Swap Optimization | Checksum: 10c05ffc7

Time (s): cpu = 00:00:02 ; elapsed = 00:00:02 . Memory (MB): peak = 2162.137 ; gain = 30.004 ; free physical = 2046 ; free virtual = 10904

Phase 3.4 Pipeline Register Optimization
Phase 3.4 Pipeline Register Optimization | Checksum: 10c05ffc7

Time (s): cpu = 00:00:02 ; elapsed = 00:00:02 . Memory (MB): peak = 2162.137 ; gain = 30.004 ; free physical = 2046 ; free virtual = 10904

Phase 3.5 Small Shape Detail Placement
Phase 3.5 Small Shape Detail Placement | Checksum: d65a5ede

Time (s): cpu = 00:00:03 ; elapsed = 00:00:02 . Memory (MB): peak = 2162.137 ; gain = 30.004 ; free physical = 2043 ; free virtual = 10901

Phase 3.6 Re-assign LUT pins
Phase 3.6 Re-assign LUT pins | Checksum: 14793ddf2

Time (s): cpu = 00:00:03 ; elapsed = 00:00:02 . Memory (MB): peak = 2162.137 ; gain = 30.004 ; free physical = 2043 ; free virtual = 10901

Phase 3.7 Pipeline Register Optimization
Phase 3.7 Pipeline Register Optimization | Checksum: 14793ddf2

Time (s): cpu = 00:00:03 ; elapsed = 00:00:02 . Memory (MB): peak = 2162.137 ; gain = 30.004 ; free physical = 2043 ; free virtual = 10901
Phase 3 Detail Placement | Checksum: 14793ddf2

Time (s): cpu = 00:00:03 ; elapsed = 00:00:02 . Memory (MB): peak = 2162.137 ; gain = 30.004 ; free physical = 2043 ; free virtual = 10901

Phase 4 Post Placement Optimization and Clean-Up

Phase 4.1 Post Commit Optimization
INFO: [Timing 38-35] Done setting XDC timing constraints.

Phase 4.1.1 Post Placement Optimization
Post Placement Optimization Initialization | Checksum: 11dc3b0c4

Phase 4.1.1.1 BUFG Insertion
INFO: [Physopt 32-721] Multithreading enabled for phys_opt_design using a maximum of 4 CPUs
INFO: [Place 46-31] BUFG insertion identified 0 candidate nets, 0 success, 0 skipped for placement/routing, 0 skipped for timing, 0 skipped for netlist change reason.
Phase 4.1.1.1 BUFG Insertion | Checksum: 11dc3b0c4

Time (s): cpu = 00:00:03 ; elapsed = 00:00:02 . Memory (MB): peak = 2162.137 ; gain = 30.004 ; free physical = 2044 ; free virtual = 10902
INFO: [Place 30-746] Post Placement Timing Summary WNS=4.504. For the most accurate timing information please run report_timing.
Phase 4.1.1 Post Placement Optimization | Checksum: 1d29909df

Time (s): cpu = 00:00:03 ; elapsed = 00:00:02 . Memory (MB): peak = 2162.137 ; gain = 30.004 ; free physical = 2044 ; free virtual = 10902
Phase 4.1 Post Commit Optimization | Checksum: 1d29909df

Time (s): cpu = 00:00:03 ; elapsed = 00:00:02 . Memory (MB): peak = 2162.137 ; gain = 30.004 ; free physical = 2044 ; free virtual = 10902

Phase 4.2 Post Placement Cleanup
Phase 4.2 Post Placement Cleanup | Checksum: 1d29909df

Time (s): cpu = 00:00:03 ; elapsed = 00:00:02 . Memory (MB): peak = 2162.137 ; gain = 30.004 ; free physical = 2044 ; free virtual = 10903

Phase 4.3 Placer Reporting
Phase 4.3 Placer Reporting | Checksum: 1d29909df

Time (s): cpu = 00:00:03 ; elapsed = 00:00:02 . Memory (MB): peak = 2162.137 ; gain = 30.004 ; free physical = 2044 ; free virtual = 10903

Phase 4.4 Final Placement Cleanup
Phase 4.4 Final Placement Cleanup | Checksum: 1f96b754f

Time (s): cpu = 00:00:03 ; elapsed = 00:00:02 . Memory (MB): peak = 2162.137 ; gain = 30.004 ; free physical = 2044 ; free virtual = 10903
Phase 4 Post Placement Optimization and Clean-Up | Checksum: 1f96b754f

Time (s): cpu = 00:00:03 ; elapsed = 00:00:02 . Memory (MB): peak = 2162.137 ; gain = 30.004 ; free physical = 2044 ; free virtual = 10903
Ending Placer Task | Checksum: 10dfd211f

Time (s): cpu = 00:00:03 ; elapsed = 00:00:02 . Memory (MB): peak = 2162.137 ; gain = 30.004 ; free physical = 2053 ; free virtual = 10911
INFO: [Common 17-83] Releasing license: Implementation
46 Infos, 0 Warnings, 0 Critical Warnings and 0 Errors encountered.
place_design completed successfully
Writing placer database...
Writing XDEF routing.
Writing XDEF routing logical nets.
Writing XDEF routing special nets.
Write XDEF Complete: Time (s): cpu = 00:00:00.08 ; elapsed = 00:00:00.05 . Memory (MB): peak = 2162.137 ; gain = 0.000 ; free physical = 2054 ; free virtual = 10914
INFO: [Common 17-1381] The checkpoint '/home/cc/eecs151/fa18/class/eecs151-abp/Desktop/ee251_labs/fpga_labs_fa18/lab4/lab4.runs/impl_1/debouncer_fpga_test_placed.dcp' has been generated.
INFO: [runtcl-4] Executing : report_io -file debouncer_fpga_test_io_placed.rpt
report_io: Time (s): cpu = 00:00:00.11 ; elapsed = 00:00:00.18 . Memory (MB): peak = 2162.137 ; gain = 0.000 ; free physical = 2045 ; free virtual = 10904
INFO: [runtcl-4] Executing : report_utilization -file debouncer_fpga_test_utilization_placed.rpt -pb debouncer_fpga_test_utilization_placed.pb
report_utilization: Time (s): cpu = 00:00:00.05 ; elapsed = 00:00:00.13 . Memory (MB): peak = 2162.137 ; gain = 0.000 ; free physical = 2054 ; free virtual = 10912
INFO: [runtcl-4] Executing : report_control_sets -verbose -file debouncer_fpga_test_control_sets_placed.rpt
report_control_sets: Time (s): cpu = 00:00:00.03 ; elapsed = 00:00:00.10 . Memory (MB): peak = 2162.137 ; gain = 0.000 ; free physical = 2053 ; free virtual = 10912
Command: route_design
Attempting to get a license for feature 'Implementation' and/or device 'xc7z020'
INFO: [Common 17-349] Got license for feature 'Implementation' and/or device 'xc7z020'
Running DRC as a precondition to command route_design
INFO: [DRC 23-27] Running DRC with 4 threads
INFO: [Vivado_Tcl 4-198] DRC finished with 0 Errors
INFO: [Vivado_Tcl 4-199] Please refer to the DRC report (report_drc) for more information.


Starting Routing Task
INFO: [Route 35-254] Multithreading enabled for route_design using a maximum of 4 CPUs
Checksum: PlaceDB: 911670bc ConstDB: 0 ShapeSum: 7ce6b063 RouteDB: 0

Phase 1 Build RT Design
Phase 1 Build RT Design | Checksum: 8c3b54b6

Time (s): cpu = 00:00:23 ; elapsed = 00:00:19 . Memory (MB): peak = 2260.797 ; gain = 98.660 ; free physical = 1910 ; free virtual = 10768
Post Restoration Checksum: NetGraph: 313f3ffd NumContArr: 5afc14b9 Constraints: 0 Timing: 0

Phase 2 Router Initialization

Phase 2.1 Create Timer
Phase 2.1 Create Timer | Checksum: 8c3b54b6

Time (s): cpu = 00:00:23 ; elapsed = 00:00:19 . Memory (MB): peak = 2260.801 ; gain = 98.664 ; free physical = 1910 ; free virtual = 10768

Phase 2.2 Fix Topology Constraints
Phase 2.2 Fix Topology Constraints | Checksum: 8c3b54b6

Time (s): cpu = 00:00:23 ; elapsed = 00:00:19 . Memory (MB): peak = 2260.801 ; gain = 98.664 ; free physical = 1894 ; free virtual = 10753

Phase 2.3 Pre Route Cleanup
Phase 2.3 Pre Route Cleanup | Checksum: 8c3b54b6

Time (s): cpu = 00:00:23 ; elapsed = 00:00:19 . Memory (MB): peak = 2260.801 ; gain = 98.664 ; free physical = 1894 ; free virtual = 10753
 Number of Nodes with overlaps = 0

Phase 2.4 Update Timing
Phase 2.4 Update Timing | Checksum: 13db8001e

Time (s): cpu = 00:00:24 ; elapsed = 00:00:19 . Memory (MB): peak = 2276.797 ; gain = 114.660 ; free physical = 1888 ; free virtual = 10746
INFO: [Route 35-416] Intermediate Timing Summary | WNS=4.442  | TNS=0.000  | WHS=-0.136 | THS=-3.849 |

Phase 2 Router Initialization | Checksum: 116dad764

Time (s): cpu = 00:00:24 ; elapsed = 00:00:19 . Memory (MB): peak = 2276.797 ; gain = 114.660 ; free physical = 1887 ; free virtual = 10746

Phase 3 Initial Routing
Phase 3 Initial Routing | Checksum: d588f33d

Time (s): cpu = 00:00:24 ; elapsed = 00:00:19 . Memory (MB): peak = 2276.797 ; gain = 114.660 ; free physical = 1890 ; free virtual = 10749

Phase 4 Rip-up And Reroute

Phase 4.1 Global Iteration 0
 Number of Nodes with overlaps = 6
 Number of Nodes with overlaps = 0
INFO: [Route 35-416] Intermediate Timing Summary | WNS=4.551  | TNS=0.000  | WHS=N/A    | THS=N/A    |

Phase 4.1 Global Iteration 0 | Checksum: e89458bb

Time (s): cpu = 00:00:24 ; elapsed = 00:00:20 . Memory (MB): peak = 2276.797 ; gain = 114.660 ; free physical = 1890 ; free virtual = 10749
Phase 4 Rip-up And Reroute | Checksum: e89458bb

Time (s): cpu = 00:00:24 ; elapsed = 00:00:20 . Memory (MB): peak = 2276.797 ; gain = 114.660 ; free physical = 1890 ; free virtual = 10749

Phase 5 Delay and Skew Optimization

Phase 5.1 Delay CleanUp
Phase 5.1 Delay CleanUp | Checksum: e89458bb

Time (s): cpu = 00:00:24 ; elapsed = 00:00:20 . Memory (MB): peak = 2276.797 ; gain = 114.660 ; free physical = 1890 ; free virtual = 10749

Phase 5.2 Clock Skew Optimization
Phase 5.2 Clock Skew Optimization | Checksum: e89458bb

Time (s): cpu = 00:00:24 ; elapsed = 00:00:20 . Memory (MB): peak = 2276.797 ; gain = 114.660 ; free physical = 1890 ; free virtual = 10749
Phase 5 Delay and Skew Optimization | Checksum: e89458bb

Time (s): cpu = 00:00:24 ; elapsed = 00:00:20 . Memory (MB): peak = 2276.797 ; gain = 114.660 ; free physical = 1890 ; free virtual = 10749

Phase 6 Post Hold Fix

Phase 6.1 Hold Fix Iter

Phase 6.1.1 Update Timing
Phase 6.1.1 Update Timing | Checksum: 9d3aa126

Time (s): cpu = 00:00:24 ; elapsed = 00:00:20 . Memory (MB): peak = 2276.797 ; gain = 114.660 ; free physical = 1890 ; free virtual = 10749
INFO: [Route 35-416] Intermediate Timing Summary | WNS=4.687  | TNS=0.000  | WHS=0.166  | THS=0.000  |

Phase 6.1 Hold Fix Iter | Checksum: 9d3aa126

Time (s): cpu = 00:00:24 ; elapsed = 00:00:20 . Memory (MB): peak = 2276.797 ; gain = 114.660 ; free physical = 1890 ; free virtual = 10749
Phase 6 Post Hold Fix | Checksum: 9d3aa126

Time (s): cpu = 00:00:24 ; elapsed = 00:00:20 . Memory (MB): peak = 2276.797 ; gain = 114.660 ; free physical = 1890 ; free virtual = 10749

Phase 7 Route finalize

Router Utilization Summary
  Global Vertical Routing Utilization    = 0.0142384 %
  Global Horizontal Routing Utilization  = 0.00752197 %
  Routable Net Status*
  *Does not include unroutable nets such as driverless and loadless.
  Run report_route_status for detailed report.
  Number of Failed Nets               = 0
  Number of Unrouted Nets             = 0
  Number of Partially Routed Nets     = 0
  Number of Node Overlaps             = 0

Phase 7 Route finalize | Checksum: 9d3aa126

Time (s): cpu = 00:00:24 ; elapsed = 00:00:20 . Memory (MB): peak = 2276.797 ; gain = 114.660 ; free physical = 1891 ; free virtual = 10749

Phase 8 Verifying routed nets

 Verification completed successfully
Phase 8 Verifying routed nets | Checksum: 9d3aa126

Time (s): cpu = 00:00:24 ; elapsed = 00:00:20 . Memory (MB): peak = 2276.797 ; gain = 114.660 ; free physical = 1890 ; free virtual = 10749

Phase 9 Depositing Routes
Phase 9 Depositing Routes | Checksum: 12a7f89d9

Time (s): cpu = 00:00:24 ; elapsed = 00:00:20 . Memory (MB): peak = 2276.797 ; gain = 114.660 ; free physical = 1890 ; free virtual = 10749

Phase 10 Post Router Timing
INFO: [Route 35-57] Estimated Timing Summary | WNS=4.687  | TNS=0.000  | WHS=0.166  | THS=0.000  |

INFO: [Route 35-327] The final timing numbers are based on the router estimated timing analysis. For a complete and accurate timing signoff, please run report_timing_summary.
Phase 10 Post Router Timing | Checksum: 12a7f89d9

Time (s): cpu = 00:00:24 ; elapsed = 00:00:20 . Memory (MB): peak = 2276.797 ; gain = 114.660 ; free physical = 1890 ; free virtual = 10749
INFO: [Route 35-16] Router Completed Successfully

Time (s): cpu = 00:00:24 ; elapsed = 00:00:20 . Memory (MB): peak = 2276.797 ; gain = 114.660 ; free physical = 1907 ; free virtual = 10765

Routing Is Done.
INFO: [Common 17-83] Releasing license: Implementation
62 Infos, 0 Warnings, 0 Critical Warnings and 0 Errors encountered.
route_design completed successfully
route_design: Time (s): cpu = 00:00:27 ; elapsed = 00:00:22 . Memory (MB): peak = 2276.797 ; gain = 114.660 ; free physical = 1907 ; free virtual = 10765
Writing placer database...
Writing XDEF routing.
Writing XDEF routing logical nets.
Writing XDEF routing special nets.
Write XDEF Complete: Time (s): cpu = 00:00:00.08 ; elapsed = 00:00:00.05 . Memory (MB): peak = 2276.801 ; gain = 0.004 ; free physical = 1907 ; free virtual = 10767
INFO: [Common 17-1381] The checkpoint '/home/cc/eecs151/fa18/class/eecs151-abp/Desktop/ee251_labs/fpga_labs_fa18/lab4/lab4.runs/impl_1/debouncer_fpga_test_routed.dcp' has been generated.
INFO: [runtcl-4] Executing : report_drc -file debouncer_fpga_test_drc_routed.rpt -pb debouncer_fpga_test_drc_routed.pb -rpx debouncer_fpga_test_drc_routed.rpx
Command: report_drc -file debouncer_fpga_test_drc_routed.rpt -pb debouncer_fpga_test_drc_routed.pb -rpx debouncer_fpga_test_drc_routed.rpx
INFO: [IP_Flow 19-1839] IP Catalog is up to date.
INFO: [DRC 23-27] Running DRC with 4 threads
INFO: [Coretcl 2-168] The results of DRC are in file /home/cc/eecs151/fa18/class/eecs151-abp/Desktop/ee251_labs/fpga_labs_fa18/lab4/lab4.runs/impl_1/debouncer_fpga_test_drc_routed.rpt.
report_drc completed successfully
INFO: [runtcl-4] Executing : report_methodology -file debouncer_fpga_test_methodology_drc_routed.rpt -pb debouncer_fpga_test_methodology_drc_routed.pb -rpx debouncer_fpga_test_methodology_drc_routed.rpx
Command: report_methodology -file debouncer_fpga_test_methodology_drc_routed.rpt -pb debouncer_fpga_test_methodology_drc_routed.pb -rpx debouncer_fpga_test_methodology_drc_routed.rpx
INFO: [Timing 38-35] Done setting XDC timing constraints.
INFO: [Timing 38-35] Done setting XDC timing constraints.
INFO: [DRC 23-133] Running Methodology with 4 threads
INFO: [Coretcl 2-1520] The results of Report Methodology are in file /home/cc/eecs151/fa18/class/eecs151-abp/Desktop/ee251_labs/fpga_labs_fa18/lab4/lab4.runs/impl_1/debouncer_fpga_test_methodology_drc_routed.rpt.
report_methodology completed successfully
INFO: [runtcl-4] Executing : report_power -file debouncer_fpga_test_power_routed.rpt -pb debouncer_fpga_test_power_summary_routed.pb -rpx debouncer_fpga_test_power_routed.rpx
Command: report_power -file debouncer_fpga_test_power_routed.rpt -pb debouncer_fpga_test_power_summary_routed.pb -rpx debouncer_fpga_test_power_routed.rpx
INFO: [Timing 38-35] Done setting XDC timing constraints.
Running Vector-less Activity Propagation...

Finished Running Vector-less Activity Propagation
74 Infos, 0 Warnings, 0 Critical Warnings and 0 Errors encountered.
report_power completed successfully
INFO: [runtcl-4] Executing : report_route_status -file debouncer_fpga_test_route_status.rpt -pb debouncer_fpga_test_route_status.pb
INFO: [runtcl-4] Executing : report_timing_summary -max_paths 10 -file debouncer_fpga_test_timing_summary_routed.rpt -rpx debouncer_fpga_test_timing_summary_routed.rpx -warn_on_violation 
INFO: [Timing 38-91] UpdateTimingParams: Speed grade: -3, Delay Type: min_max.
INFO: [Timing 38-191] Multithreading enabled for timing update using a maximum of 4 CPUs
INFO: [runtcl-4] Executing : report_incremental_reuse -file debouncer_fpga_test_incremental_reuse_routed.rpt
INFO: [Vivado_Tcl 4-545] No incremental reuse to report, no incremental placement and routing data was found.
INFO: [runtcl-4] Executing : report_clock_utilization -file debouncer_fpga_test_clock_utilization_routed.rpt
Command: write_bitstream -force debouncer_fpga_test.bit
Attempting to get a license for feature 'Implementation' and/or device 'xc7z020'
INFO: [Common 17-349] Got license for feature 'Implementation' and/or device 'xc7z020'
Running DRC as a precondition to command write_bitstream
INFO: [IP_Flow 19-1839] IP Catalog is up to date.
INFO: [DRC 23-27] Running DRC with 4 threads
WARNING: [DRC ZPS7-1] PS7 block required: The PS7 cell must be used in this Zynq design in order to enable correct default configuration.
INFO: [Vivado 12-3199] DRC finished with 0 Errors, 1 Warnings
INFO: [Vivado 12-3200] Please refer to the DRC report (report_drc) for more information.
INFO: [Project 1-821] Please set project.enableDesignId to be 'true'.
INFO: [Designutils 20-2272] Running write_bitstream with 4 threads.
Loading data files...
Loading site data...
Loading route data...
Processing options...
Creating bitmap...
Creating bitstream...
Writing bitstream ./debouncer_fpga_test.bit...
INFO: [Vivado 12-1842] Bitgen Completed Successfully.
INFO: [Common 17-83] Releasing license: Implementation
90 Infos, 1 Warnings, 0 Critical Warnings and 0 Errors encountered.
write_bitstream completed successfully
write_bitstream: Time (s): cpu = 00:00:12 ; elapsed = 00:01:15 . Memory (MB): peak = 2625.363 ; gain = 268.531 ; free physical = 1874 ; free virtual = 10737
INFO: [Common 17-206] Exiting Vivado at Thu Sep 20 19:59:51 2018...
